<?xml version="1.0" encoding="UTF-8"?>
<!-- Generated by org.testng.reporters.JUnitXMLReporter -->
<testsuite ignored="0" hostname="LTIN508310" failures="0" tests="15" name="Test search in Edge" time="8.105" errors="0" timestamp="2024-04-02T17:32:45 IST">
  <testcase classname="testScenario.Global_IT" name="captureUserInfo" time="0.0">
    <skipped/>
  </testcase> <!-- captureUserInfo -->
  <testcase classname="testScenario.Global_IT" name="clickOnIT" time="0.0">
    <skipped/>
  </testcase> <!-- clickOnIT -->
  <testcase classname="testScenario.Global_IT" name="exploreApps" time="0.0">
    <skipped/>
  </testcase> <!-- exploreApps -->
  <testcase classname="testScenario.Global_IT" name="validateApps" time="0.0">
    <skipped/>
  </testcase> <!-- validateApps -->
  <testcase classname="testScenario.Global_IT" name="validateApps" time="0.0">
    <skipped/>
  </testcase> <!-- validateApps -->
  <testcase classname="testScenario.Global_IT" name="validateApps" time="0.0">
    <skipped/>
  </testcase> <!-- validateApps -->
  <testcase classname="testScenario.Global_IT" name="validateApps" time="0.001">
    <skipped/>
  </testcase> <!-- validateApps -->
  <testcase classname="testScenario.Global_IT" name="validateApps" time="0.0">
    <skipped/>
  </testcase> <!-- validateApps -->
  <testcase classname="testScenario.Global_IT" name="verifyNewsAvailability" time="0.0">
    <skipped/>
  </testcase> <!-- verifyNewsAvailability -->
  <testcase classname="testScenario.Global_IT" name="verifyAwardsAvailability" time="0.0">
    <skipped/>
  </testcase> <!-- verifyAwardsAvailability -->
  <testcase classname="testScenario.Global_IT" name="displayNewsCount" time="0.0">
    <skipped/>
  </testcase> <!-- displayNewsCount -->
  <testcase classname="testScenario.Global_IT" name="validateNewsHeaderAndTooltip" time="0.0">
    <skipped/>
  </testcase> <!-- validateNewsHeaderAndTooltip -->
  <testcase classname="testScenario.Global_IT" name="displayAwards" time="0.0">
    <skipped/>
  </testcase> <!-- displayAwards -->
  <testcase classname="testScenario.Global_IT" name="displayAwards" time="0.0">
    <skipped/>
  </testcase> <!-- displayAwards -->
  <testcase classname="testScenario.Global_IT" name="displayAwards" time="0.0">
    <skipped/>
  </testcase> <!-- displayAwards -->
</testsuite> <!-- Test search in Edge -->
